
Showing logs for build [32mcb-kubecd-environment-pr-183-45-dw2jk-1[0m stage [32mfrom-build-pack[0m and container [32mstep-credential-initializer-lqt56[0m
{"level":"warn","ts":1584453147.2622595,"logger":"fallback-logger","caller":"logging/config.go:69","msg":"Fetch GitHub commit ID from kodata failed: \"ref: refs/heads/0.8.0-**-support-backwards-incompats\" is not a valid GitHub commit ID"}
{"level":"info","ts":1584453147.262844,"logger":"fallback-logger","caller":"creds-init/main.go:40","msg":"Credentials initialized."}

Showing logs for build [32mcb-kubecd-environment-pr-183-45-dw2jk-1[0m stage [32mfrom-build-pack[0m and container [32mstep-working-dir-initializer-j8m2z[0m
{"level":"warn","ts":1584453147.919248,"logger":"fallback-logger","caller":"logging/config.go:69","msg":"Fetch GitHub commit ID from kodata failed: open /var/run/ko/HEAD: no such file or directory"}
{"level":"info","ts":1584453147.9222171,"logger":"fallback-logger","caller":"bash/main.go:64","msg":"Successfully executed command \"sh -c mkdir -p /workspace/source\"; output "}

Showing logs for build [32mcb-kubecd-environment-pr-183-45-dw2jk-1[0m stage [32mfrom-build-pack[0m and container [32mstep-place-tools[0m

Showing logs for build [32mcb-kubecd-environment-pr-183-45-dw2jk-1[0m stage [32mfrom-build-pack[0m and container [32mstep-git-source-cb-kubecd-environment-pr-183-45-dw2jk-42mb8[0m
{"level":"warn","ts":1584453153.0455272,"logger":"fallback-logger","caller":"logging/config.go:69","msg":"Fetch GitHub commit ID from kodata failed: \"ref: refs/heads/0.8.0-**-support-backwards-incompats\" is not a valid GitHub commit ID"}
{"level":"info","ts":1584453154.170276,"logger":"fallback-logger","caller":"git/git.go:103","msg":"Successfully cloned https://github.com/cb-kubecd/environment-pr-183-45-boot-gke-staging.git @ master in path /workspace/source"}

Showing logs for build [32mcb-kubecd-environment-pr-183-45-dw2jk-1[0m stage [32mfrom-build-pack[0m and container [32mstep-git-merge[0m
Using SHAs from PULL_REFS=master:b3636f6e95c50693182f4296bfb2378b8e8e0caf,8:7c930d4da7ca576631c890d2041adc1525793056
DEBUG: LC_ALL=C JX_LOG_LEVEL=error git fetch origin --unshallow 7c930d4da7ca576631c890d2041adc1525793056: b3636f6e95c50693182f4296bfb2378b8e8e0caf:
DEBUG: ran git fetch --unshallow origin 7c930d4da7ca576631c890d2041adc1525793056: b3636f6e95c50693182f4296bfb2378b8e8e0caf: in 
DEBUG: LC_ALL=C JX_LOG_LEVEL=error git branch
DEBUG: JX_LOG_LEVEL=error LC_ALL=C git checkout master
DEBUG: ran git checkout master in 
DEBUG: LC_ALL=C JX_LOG_LEVEL=error git reset --hard b3636f6e95c50693182f4296bfb2378b8e8e0caf
DEBUG: ran git reset --hard b3636f6e95c50693182f4296bfb2378b8e8e0caf in 
DEBUG: LC_ALL=C JX_LOG_LEVEL=error git clean -fd .
DEBUG: ran clean --force -d . in 
DEBUG: JX_LOG_LEVEL=error LC_ALL=C git merge 7c930d4da7ca576631c890d2041adc1525793056
DEBUG: ran git merge 7c930d4da7ca576631c890d2041adc1525793056 in 
DEBUG: LC_ALL=C JX_LOG_LEVEL=error git log --format=%H%x1f%an%x1f%ae%x1f%cn%x1f%ce%x1f%s%n%b%x1e b3636f6e95c50693182f4296bfb2378b8e8e0caf..HEAD
Merged SHA 7c930d4da7ca576631c890d2041adc1525793056 with commit message 'chore: Promote bdd-sbrp-import-1584451136 to version 0.0.1' into base branch master

Showing logs for build [32mcb-kubecd-environment-pr-183-45-dw2jk-1[0m stage [32mfrom-build-pack[0m and container [32mstep-build-helm-build[0m
WARNING: No $CHART_REPOSITORY defined so using the default value of: http://jenkins-x-chartmuseum:8080
Adding missing Helm repo: storage.googleapis.com https://storage.googleapis.com/chartmuseum.jenkins-x.io
WARNING: No secrets found on "helm/repos" due: reading the secret "helm/repos" from vault: no secret "helm/repos" not found in vault
Read credentials for https://storage.googleapis.com/chartmuseum.jenkins-x.io from vault helm/repos
Successfully added Helm repository storage.googleapis.com.
Adding missing Helm repo: jenkins-x-chartmuseum http://jenkins-x-chartmuseum:8080
WARNING: No secrets found on "helm/repos" due: reading the secret "helm/repos" from vault: no secret "helm/repos" not found in vault
Read credentials for http://jenkins-x-chartmuseum:8080 from vault helm/repos
Successfully added Helm repository jenkins-x-chartmuseum.
WARNING: No $CHART_REPOSITORY defined so using the default value of: http://jenkins-x-chartmuseum:8080
Adding missing Helm repo: chartmuseum.jenkins-x.io http://chartmuseum.jenkins-x.io
WARNING: No secrets found on "helm/repos" due: reading the secret "helm/repos" from vault: no secret "helm/repos" not found in vault
Read credentials for http://chartmuseum.jenkins-x.io from vault helm/repos
Successfully added Helm repository chartmuseum.jenkins-x.io.
