
Showing logs for build [32mcb-kubecd-environment-pr-183-45-pdtnh-1[0m stage [32mfrom-build-pack[0m and container [32mstep-credential-initializer-xtk5g[0m
{"level":"warn","ts":1584450562.8875766,"logger":"fallback-logger","caller":"logging/config.go:69","msg":"Fetch GitHub commit ID from kodata failed: \"ref: refs/heads/0.8.0-**-support-backwards-incompats\" is not a valid GitHub commit ID"}
{"level":"info","ts":1584450562.8883584,"logger":"fallback-logger","caller":"creds-init/main.go:40","msg":"Credentials initialized."}

Showing logs for build [32mcb-kubecd-environment-pr-183-45-pdtnh-1[0m stage [32mfrom-build-pack[0m and container [32mstep-working-dir-initializer-lrd5r[0m
{"level":"warn","ts":1584450563.9762223,"logger":"fallback-logger","caller":"logging/config.go:69","msg":"Fetch GitHub commit ID from kodata failed: open /var/run/ko/HEAD: no such file or directory"}
{"level":"info","ts":1584450563.9777741,"logger":"fallback-logger","caller":"bash/main.go:64","msg":"Successfully executed command \"sh -c mkdir -p /workspace/source\"; output "}

Showing logs for build [32mcb-kubecd-environment-pr-183-45-pdtnh-1[0m stage [32mfrom-build-pack[0m and container [32mstep-place-tools[0m

Showing logs for build [32mcb-kubecd-environment-pr-183-45-pdtnh-1[0m stage [32mfrom-build-pack[0m and container [32mstep-git-source-cb-kubecd-environment-pr-183-45-pdtnh-2npcq[0m
{"level":"warn","ts":1584450570.122138,"logger":"fallback-logger","caller":"logging/config.go:69","msg":"Fetch GitHub commit ID from kodata failed: \"ref: refs/heads/0.8.0-**-support-backwards-incompats\" is not a valid GitHub commit ID"}
{"level":"info","ts":1584450571.199517,"logger":"fallback-logger","caller":"git/git.go:103","msg":"Successfully cloned https://github.com/cb-kubecd/environment-pr-183-45-boot-gke-staging.git @ master in path /workspace/source"}

Showing logs for build [32mcb-kubecd-environment-pr-183-45-pdtnh-1[0m stage [32mfrom-build-pack[0m and container [32mstep-git-merge[0m
Using SHAs from PULL_REFS=master:d1a10e9bc0d504a65641536d94abdfb3541fc9c7,4:7a4d892fe9dd84f7db5714df570c870b7febb71d
DEBUG: LC_ALL=C JX_LOG_LEVEL=error git fetch origin --unshallow 7a4d892fe9dd84f7db5714df570c870b7febb71d: d1a10e9bc0d504a65641536d94abdfb3541fc9c7:
DEBUG: ran git fetch --unshallow origin 7a4d892fe9dd84f7db5714df570c870b7febb71d: d1a10e9bc0d504a65641536d94abdfb3541fc9c7: in 
DEBUG: LC_ALL=C JX_LOG_LEVEL=error git branch
DEBUG: JX_LOG_LEVEL=error LC_ALL=C git checkout master
DEBUG: ran git checkout master in 
DEBUG: LC_ALL=C JX_LOG_LEVEL=error git reset --hard d1a10e9bc0d504a65641536d94abdfb3541fc9c7
DEBUG: ran git reset --hard d1a10e9bc0d504a65641536d94abdfb3541fc9c7 in 
DEBUG: LC_ALL=C JX_LOG_LEVEL=error git clean -fd .
DEBUG: ran clean --force -d . in 
DEBUG: LC_ALL=C JX_LOG_LEVEL=error git merge 7a4d892fe9dd84f7db5714df570c870b7febb71d
DEBUG: ran git merge 7a4d892fe9dd84f7db5714df570c870b7febb71d in 
DEBUG: LC_ALL=C JX_LOG_LEVEL=error git log --format=%H%x1f%an%x1f%ae%x1f%cn%x1f%ce%x1f%s%n%b%x1e d1a10e9bc0d504a65641536d94abdfb3541fc9c7..HEAD
Merged SHA 7a4d892fe9dd84f7db5714df570c870b7febb71d with commit message 'chore: Promote bdd-sbhg-1584449077 to version 0.0.1' into base branch master

Showing logs for build [32mcb-kubecd-environment-pr-183-45-pdtnh-1[0m stage [32mfrom-build-pack[0m and container [32mstep-build-helm-build[0m
WARNING: No $CHART_REPOSITORY defined so using the default value of: http://jenkins-x-chartmuseum:8080
Adding missing Helm repo: storage.googleapis.com https://storage.googleapis.com/chartmuseum.jenkins-x.io
WARNING: No secrets found on "helm/repos" due: reading the secret "helm/repos" from vault: no secret "helm/repos" not found in vault
Read credentials for https://storage.googleapis.com/chartmuseum.jenkins-x.io from vault helm/repos
Successfully added Helm repository storage.googleapis.com.
Adding missing Helm repo: jenkins-x-chartmuseum http://jenkins-x-chartmuseum:8080
WARNING: No secrets found on "helm/repos" due: reading the secret "helm/repos" from vault: no secret "helm/repos" not found in vault
Read credentials for http://jenkins-x-chartmuseum:8080 from vault helm/repos
Successfully added Helm repository jenkins-x-chartmuseum.
WARNING: No $CHART_REPOSITORY defined so using the default value of: http://jenkins-x-chartmuseum:8080
Adding missing Helm repo: chartmuseum.jenkins-x.io http://chartmuseum.jenkins-x.io
WARNING: No secrets found on "helm/repos" due: reading the secret "helm/repos" from vault: no secret "helm/repos" not found in vault
Read credentials for http://chartmuseum.jenkins-x.io from vault helm/repos
Successfully added Helm repository chartmuseum.jenkins-x.io.
