
Showing logs for build [32mcb-kubecd-environment-pr-183-45-dprmj-1[0m stage [32mfrom-build-pack[0m and container [32mstep-credential-initializer-fw8p6[0m
{"level":"warn","ts":1584449363.8989854,"logger":"fallback-logger","caller":"logging/config.go:69","msg":"Fetch GitHub commit ID from kodata failed: \"ref: refs/heads/0.8.0-**-support-backwards-incompats\" is not a valid GitHub commit ID"}
{"level":"info","ts":1584449363.9001896,"logger":"fallback-logger","caller":"creds-init/main.go:40","msg":"Credentials initialized."}

Showing logs for build [32mcb-kubecd-environment-pr-183-45-dprmj-1[0m stage [32mfrom-build-pack[0m and container [32mstep-working-dir-initializer-pvwv7[0m
{"level":"warn","ts":1584449365.2666004,"logger":"fallback-logger","caller":"logging/config.go:69","msg":"Fetch GitHub commit ID from kodata failed: open /var/run/ko/HEAD: no such file or directory"}
{"level":"info","ts":1584449365.2685678,"logger":"fallback-logger","caller":"bash/main.go:64","msg":"Successfully executed command \"sh -c mkdir -p /workspace/source\"; output "}

Showing logs for build [32mcb-kubecd-environment-pr-183-45-dprmj-1[0m stage [32mfrom-build-pack[0m and container [32mstep-place-tools[0m

Showing logs for build [32mcb-kubecd-environment-pr-183-45-dprmj-1[0m stage [32mfrom-build-pack[0m and container [32mstep-git-source-cb-kubecd-environment-pr-183-45-dprmj-2tvdf[0m
{"level":"warn","ts":1584449369.41039,"logger":"fallback-logger","caller":"logging/config.go:69","msg":"Fetch GitHub commit ID from kodata failed: \"ref: refs/heads/0.8.0-**-support-backwards-incompats\" is not a valid GitHub commit ID"}
{"level":"info","ts":1584449370.4427981,"logger":"fallback-logger","caller":"git/git.go:103","msg":"Successfully cloned https://github.com/cb-kubecd/environment-pr-183-45-boot-gke-staging.git @ master in path /workspace/source"}

Showing logs for build [32mcb-kubecd-environment-pr-183-45-dprmj-1[0m stage [32mfrom-build-pack[0m and container [32mstep-git-merge[0m
Using SHAs from PULL_REFS=master:b8b5d9ef4cfc2dcf132e0e09e7c5ee2ab87592e7,2:2ba347cec9cbf968c2fd1c0bf0711b8a6429137b
DEBUG: LC_ALL=C JX_LOG_LEVEL=error git fetch origin --unshallow 2ba347cec9cbf968c2fd1c0bf0711b8a6429137b: b8b5d9ef4cfc2dcf132e0e09e7c5ee2ab87592e7:
DEBUG: ran git fetch --unshallow origin 2ba347cec9cbf968c2fd1c0bf0711b8a6429137b: b8b5d9ef4cfc2dcf132e0e09e7c5ee2ab87592e7: in 
DEBUG: LC_ALL=C JX_LOG_LEVEL=error git branch
DEBUG: LC_ALL=C JX_LOG_LEVEL=error git checkout master
DEBUG: ran git checkout master in 
DEBUG: LC_ALL=C JX_LOG_LEVEL=error git reset --hard b8b5d9ef4cfc2dcf132e0e09e7c5ee2ab87592e7
DEBUG: ran git reset --hard b8b5d9ef4cfc2dcf132e0e09e7c5ee2ab87592e7 in 
DEBUG: LC_ALL=C JX_LOG_LEVEL=error git clean -fd .
DEBUG: ran clean --force -d . in 
DEBUG: LC_ALL=C JX_LOG_LEVEL=error git merge 2ba347cec9cbf968c2fd1c0bf0711b8a6429137b
DEBUG: ran git merge 2ba347cec9cbf968c2fd1c0bf0711b8a6429137b in 
DEBUG: LC_ALL=C JX_LOG_LEVEL=error git log --format=%H%x1f%an%x1f%ae%x1f%cn%x1f%ce%x1f%s%n%b%x1e b8b5d9ef4cfc2dcf132e0e09e7c5ee2ab87592e7..HEAD
Merged SHA 2ba347cec9cbf968c2fd1c0bf0711b8a6429137b with commit message 'chore: Promote bdd-nh-1584449077 to version 0.0.1' into base branch master

Showing logs for build [32mcb-kubecd-environment-pr-183-45-dprmj-1[0m stage [32mfrom-build-pack[0m and container [32mstep-build-helm-build[0m
WARNING: No $CHART_REPOSITORY defined so using the default value of: http://jenkins-x-chartmuseum:8080
Adding missing Helm repo: storage.googleapis.com https://storage.googleapis.com/chartmuseum.jenkins-x.io
WARNING: No secrets found on "helm/repos" due: reading the secret "helm/repos" from vault: no secret "helm/repos" not found in vault
Read credentials for https://storage.googleapis.com/chartmuseum.jenkins-x.io from vault helm/repos
Successfully added Helm repository storage.googleapis.com.
Adding missing Helm repo: jenkins-x-chartmuseum http://jenkins-x-chartmuseum:8080
WARNING: No secrets found on "helm/repos" due: reading the secret "helm/repos" from vault: no secret "helm/repos" not found in vault
Read credentials for http://jenkins-x-chartmuseum:8080 from vault helm/repos
Successfully added Helm repository jenkins-x-chartmuseum.
WARNING: No $CHART_REPOSITORY defined so using the default value of: http://jenkins-x-chartmuseum:8080
Adding missing Helm repo: chartmuseum.jenkins-x.io http://chartmuseum.jenkins-x.io
WARNING: No secrets found on "helm/repos" due: reading the secret "helm/repos" from vault: no secret "helm/repos" not found in vault
Read credentials for http://chartmuseum.jenkins-x.io from vault helm/repos
Successfully added Helm repository chartmuseum.jenkins-x.io.
