
Showing logs for build [32mcb-kubecd-environment-pr-183-45-wg7w2-1[0m stage [32mfrom-build-pack[0m and container [32mstep-credential-initializer-2qw7v[0m
{"level":"warn","ts":1584451322.3760722,"logger":"fallback-logger","caller":"logging/config.go:69","msg":"Fetch GitHub commit ID from kodata failed: \"ref: refs/heads/0.8.0-**-support-backwards-incompats\" is not a valid GitHub commit ID"}
{"level":"info","ts":1584451322.3773904,"logger":"fallback-logger","caller":"creds-init/main.go:40","msg":"Credentials initialized."}

Showing logs for build [32mcb-kubecd-environment-pr-183-45-wg7w2-1[0m stage [32mfrom-build-pack[0m and container [32mstep-working-dir-initializer-w5hqw[0m
{"level":"warn","ts":1584451323.3445628,"logger":"fallback-logger","caller":"logging/config.go:69","msg":"Fetch GitHub commit ID from kodata failed: open /var/run/ko/HEAD: no such file or directory"}
{"level":"info","ts":1584451323.3467848,"logger":"fallback-logger","caller":"bash/main.go:64","msg":"Successfully executed command \"sh -c mkdir -p /workspace/source\"; output "}

Showing logs for build [32mcb-kubecd-environment-pr-183-45-wg7w2-1[0m stage [32mfrom-build-pack[0m and container [32mstep-place-tools[0m

Showing logs for build [32mcb-kubecd-environment-pr-183-45-wg7w2-1[0m stage [32mfrom-build-pack[0m and container [32mstep-git-source-cb-kubecd-environment-pr-183-45-wg7w2-z4g48[0m
{"level":"warn","ts":1584451326.4729743,"logger":"fallback-logger","caller":"logging/config.go:69","msg":"Fetch GitHub commit ID from kodata failed: \"ref: refs/heads/0.8.0-**-support-backwards-incompats\" is not a valid GitHub commit ID"}
{"level":"info","ts":1584451327.5157738,"logger":"fallback-logger","caller":"git/git.go:103","msg":"Successfully cloned https://github.com/cb-kubecd/environment-pr-183-45-boot-gke-staging.git @ master in path /workspace/source"}

Showing logs for build [32mcb-kubecd-environment-pr-183-45-wg7w2-1[0m stage [32mfrom-build-pack[0m and container [32mstep-git-merge[0m
Using SHAs from PULL_REFS=master:a1006a8cc16f10cabc32a31d1ab69504739422d8,5:b19706b095025243998e90e91417bb95e98c5c7d
DEBUG: LC_ALL=C JX_LOG_LEVEL=error git fetch origin --unshallow b19706b095025243998e90e91417bb95e98c5c7d: a1006a8cc16f10cabc32a31d1ab69504739422d8:
DEBUG: ran git fetch --unshallow origin b19706b095025243998e90e91417bb95e98c5c7d: a1006a8cc16f10cabc32a31d1ab69504739422d8: in 
DEBUG: LC_ALL=C JX_LOG_LEVEL=error git branch
DEBUG: JX_LOG_LEVEL=error LC_ALL=C git checkout master
DEBUG: ran git checkout master in 
DEBUG: LC_ALL=C JX_LOG_LEVEL=error git reset --hard a1006a8cc16f10cabc32a31d1ab69504739422d8
DEBUG: ran git reset --hard a1006a8cc16f10cabc32a31d1ab69504739422d8 in 
DEBUG: LC_ALL=C JX_LOG_LEVEL=error git clean -fd .
DEBUG: ran clean --force -d . in 
DEBUG: LC_ALL=C JX_LOG_LEVEL=error git merge b19706b095025243998e90e91417bb95e98c5c7d
DEBUG: ran git merge b19706b095025243998e90e91417bb95e98c5c7d in 
DEBUG: LC_ALL=C JX_LOG_LEVEL=error git log --format=%H%x1f%an%x1f%ae%x1f%cn%x1f%ce%x1f%s%n%b%x1e a1006a8cc16f10cabc32a31d1ab69504739422d8..HEAD
Merged SHA b19706b095025243998e90e91417bb95e98c5c7d with commit message 'chore: Promote bdd-ghf**y-import-1584451136 to version 0.0.1' into base branch master

Showing logs for build [32mcb-kubecd-environment-pr-183-45-wg7w2-1[0m stage [32mfrom-build-pack[0m and container [32mstep-build-helm-build[0m
WARNING: No $CHART_REPOSITORY defined so using the default value of: http://jenkins-x-chartmuseum:8080
Adding missing Helm repo: storage.googleapis.com https://storage.googleapis.com/chartmuseum.jenkins-x.io
WARNING: No secrets found on "helm/repos" due: reading the secret "helm/repos" from vault: no secret "helm/repos" not found in vault
Read credentials for https://storage.googleapis.com/chartmuseum.jenkins-x.io from vault helm/repos
Successfully added Helm repository storage.googleapis.com.
Adding missing Helm repo: jenkins-x-chartmuseum http://jenkins-x-chartmuseum:8080
WARNING: No secrets found on "helm/repos" due: reading the secret "helm/repos" from vault: no secret "helm/repos" not found in vault
Read credentials for http://jenkins-x-chartmuseum:8080 from vault helm/repos
Successfully added Helm repository jenkins-x-chartmuseum.
WARNING: No $CHART_REPOSITORY defined so using the default value of: http://jenkins-x-chartmuseum:8080
Adding missing Helm repo: chartmuseum.jenkins-x.io http://chartmuseum.jenkins-x.io
WARNING: No secrets found on "helm/repos" due: reading the secret "helm/repos" from vault: no secret "helm/repos" not found in vault
Read credentials for http://chartmuseum.jenkins-x.io from vault helm/repos
Successfully added Helm repository chartmuseum.jenkins-x.io.
